<?xml version="1.0" encoding="UTF-8"?>
<!-- Generated by org.testng.reporters.JUnitReportReporter -->
<testsuite skipped="0" hostname="DESKTOP-23V34RH" name="testcases.FacebookLogin" tests="1" failures="0" timestamp="2021-03-15T13:45:36 EDT" time="3.890" errors="0">
  <testcase name="login" time="3.890" classname="testcases.FacebookLogin"/>
  <system-out/>
</testsuite> <!-- testcases.FacebookLogin -->
