<?xml version="1.0" encoding="UTF-8"?>
<!-- Generated by org.testng.reporters.JUnitReportReporter -->
<testsuite skipped="1" hostname="DESKTOP-23V34RH" name="testcases.TestCase1" tests="3" failures="0" timestamp="11 Mar 2021 22:36:11 GMT" time="0.008" errors="0">
  <testcase name="doUserReg" time="0.004" classname="testcases.TestCase1"/>
  <testcase name="doLogin" time="0.004" classname="testcases.TestCase1"/>
  <testcase name="isSkip" time="0.000" classname="testcases.TestCase1">
    <skipped/>
  </testcase> <!-- isSkip -->
</testsuite> <!-- testcases.TestCase1 -->
