<?xml version="1.0" encoding="UTF-8"?>
<!-- Generated by org.testng.reporters.JUnitReportReporter -->
<testsuite skipped="0" hostname="DESKTOP-23V34RH" name="testcases.FacebookLogin" tests="1" failures="0" timestamp="15 Mar 2021 18:42:31 GMT" time="4.096" errors="0">
  <testcase name="login" time="4.096" classname="testcases.FacebookLogin"/>
</testsuite> <!-- testcases.FacebookLogin -->
